{"name":"testCancelSearch","status":"broken","statusDetails":{"known":false,"muted":false,"flaky":false,"message":"Expected condition failed: Cannot find and click search cancel button\n (tried for 5 second(s) with 500 milliseconds interval)","trace":"org.openqa.selenium.TimeoutException: Expected condition failed: Cannot find and click search cancel button\n (tried for 5 second(s) with 500 milliseconds interval)\n\tat org.openqa.selenium.support.ui.WebDriverWait.timeoutException(WebDriverWait.java:81)\n\tat org.openqa.selenium.support.ui.FluentWait.until(FluentWait.java:271)\n\tat lib.ui.MainPageObject.waitForElementPresent(MainPageObject.java:38)\n\tat lib.ui.MainPageObject.waitForElementAndClick(MainPageObject.java:42)\n\tat lib.ui.SearchPageObject.clickCancelSearch(SearchPageObject.java:71)\n\tat Tests.SearchTests.testCancelSearch(SearchTests.java:34)\n\tat java.base/jdk.internal.reflect.NativeMethodAccessorImpl.invoke0(Native Method)\n\tat java.base/jdk.internal.reflect.NativeMethodAccessorImpl.invoke(NativeMethodAccessorImpl.java:77)\n\tat java.base/jdk.internal.reflect.DelegatingMethodAccessorImpl.invoke(DelegatingMethodAccessorImpl.java:43)\n\tat java.base/java.lang.reflect.Method.invoke(Method.java:568)\n\tat org.junit.runners.model.FrameworkMethod$1.runReflectiveCall(FrameworkMethod.java:50)\n\tat org.junit.internal.runners.model.ReflectiveCallable.run(ReflectiveCallable.java:12)\n\tat org.junit.runners.model.FrameworkMethod.invokeExplosively(FrameworkMethod.java:47)\n\tat org.junit.internal.runners.statements.InvokeMethod.evaluate(InvokeMethod.java:17)\n\tat org.junit.internal.runners.statements.RunBefores.evaluate(RunBefores.java:26)\n\tat org.junit.internal.runners.statements.RunAfters.evaluate(RunAfters.java:27)\n\tat org.junit.runners.ParentRunner.runLeaf(ParentRunner.java:325)\n\tat org.junit.runners.BlockJUnit4ClassRunner.runChild(BlockJUnit4ClassRunner.java:78)\n\tat org.junit.runners.BlockJUnit4ClassRunner.runChild(BlockJUnit4ClassRunner.java:57)\n\tat org.junit.runners.ParentRunner$3.run(ParentRunner.java:290)\n\tat org.junit.runners.ParentRunner$1.schedule(ParentRunner.java:71)\n\tat org.junit.runners.ParentRunner.runChildren(ParentRunner.java:288)\n\tat org.junit.runners.ParentRunner.access$000(ParentRunner.java:58)\n\tat org.junit.runners.ParentRunner$2.evaluate(ParentRunner.java:268)\n\tat org.junit.runners.ParentRunner.run(ParentRunner.java:363)\n\tat org.junit.runners.Suite.runChild(Suite.java:128)\n\tat org.junit.runners.Suite.runChild(Suite.java:27)\n\tat org.junit.runners.ParentRunner$3.run(ParentRunner.java:290)\n\tat org.junit.runners.ParentRunner$1.schedule(ParentRunner.java:71)\n\tat org.junit.runners.ParentRunner.runChildren(ParentRunner.java:288)\n\tat org.junit.runners.ParentRunner.access$000(ParentRunner.java:58)\n\tat org.junit.runners.ParentRunner$2.evaluate(ParentRunner.java:268)\n\tat org.junit.runners.ParentRunner.run(ParentRunner.java:363)\n\tat org.apache.maven.surefire.junit4.JUnit4Provider.execute(JUnit4Provider.java:365)\n\tat org.apache.maven.surefire.junit4.JUnit4Provider.executeWithRerun(JUnit4Provider.java:273)\n\tat org.apache.maven.surefire.junit4.JUnit4Provider.executeTestSet(JUnit4Provider.java:238)\n\tat org.apache.maven.surefire.junit4.JUnit4Provider.invoke(JUnit4Provider.java:159)\n\tat org.apache.maven.surefire.booter.ForkedBooter.invokeProviderInSameClassLoader(ForkedBooter.java:384)\n\tat org.apache.maven.surefire.booter.ForkedBooter.runSuitesInProcess(ForkedBooter.java:345)\n\tat org.apache.maven.surefire.booter.ForkedBooter.execute(ForkedBooter.java:126)\n\tat org.apache.maven.surefire.booter.ForkedBooter.main(ForkedBooter.java:418)\nCaused by: org.openqa.selenium.NoSuchElementException: Cannot locate an element using By.cssSelector: div>button.cancel\nFor documentation on this error, please visit: http://seleniumhq.org/exceptions/no_such_element.html\nBuild info: version: '3.12.0', revision: '7c6e0b3', time: '2018-05-08T14:04:26.12Z'\nSystem info: host: 'MacBook-Air-Anna-2.local', ip: 'fe80:0:0:0:1060:648b:6dc5:9f35%en0', os.name: 'Mac OS X', os.arch: 'x86_64', os.version: '11.5.1', java.version: '17'\nDriver info: driver.version: unknown\n\tat org.openqa.selenium.support.ui.ExpectedConditions.lambda$findElement$0(ExpectedConditions.java:896)\n\tat java.base/java.util.Optional.orElseThrow(Optional.java:403)\n\tat org.openqa.selenium.support.ui.ExpectedConditions.findElement(ExpectedConditions.java:895)\n\tat org.openqa.selenium.support.ui.ExpectedConditions.access$000(ExpectedConditions.java:44)\n\tat org.openqa.selenium.support.ui.ExpectedConditions$6.apply(ExpectedConditions.java:183)\n\tat org.openqa.selenium.support.ui.ExpectedConditions$6.apply(ExpectedConditions.java:180)\n\tat org.openqa.selenium.support.ui.FluentWait.until(FluentWait.java:248)\n\t... 39 more\n"},"stage":"finished","steps":[{"name":"Run driver and session","status":"passed","stage":"finished","steps":[{"name":"Skip welcome page screen for iOS","status":"passed","stage":"finished","steps":[],"attachments":[],"parameters":[],"start":1634238468386,"stop":1634238468386},{"name":"Open Wikipedia URL for Mobile Web (this method does nothing for Android and iOS","status":"passed","stage":"finished","steps":[],"attachments":[],"parameters":[],"start":1634238468386,"stop":1634238470469}],"attachments":[],"parameters":[],"start":1634238465719,"stop":1634238470469},{"name":"Initializing the search field","status":"passed","stage":"finished","steps":[],"attachments":[],"parameters":[],"start":1634238470469,"stop":1634238470853},{"name":"Typing 'Java' to the search line","status":"passed","stage":"finished","steps":[],"attachments":[],"parameters":[{"name":"search_line","value":"Java"}],"start":1634238470854,"stop":1634238471008},{"name":"Waiting for search result","status":"passed","stage":"finished","steps":[],"attachments":[],"parameters":[{"name":"substring","value":"Java"}],"start":1634238471009,"stop":1634238471553},{"name":"Waiting for button to cancel search result","status":"passed","stage":"finished","steps":[],"attachments":[],"parameters":[],"start":1634238471553,"stop":1634238471569},{"name":"Clicking button to cancel search result","status":"passed","stage":"finished","steps":[],"attachments":[],"parameters":[],"start":1634238471569,"stop":1634238471660},{"name":"Clicking button to cancel search result","status":"broken","statusDetails":{"known":false,"muted":false,"flaky":false,"message":"Expected condition failed: Cannot find and click search cancel button\n (tried for 5 second(s) with 500 milliseconds interval)","trace":"org.openqa.selenium.TimeoutException: Expected condition failed: Cannot find and click search cancel button\n (tried for 5 second(s) with 500 milliseconds interval)\n\tat org.openqa.selenium.support.ui.WebDriverWait.timeoutException(WebDriverWait.java:81)\n\tat org.openqa.selenium.support.ui.FluentWait.until(FluentWait.java:271)\n\tat lib.ui.MainPageObject.waitForElementPresent(MainPageObject.java:38)\n\tat lib.ui.MainPageObject.waitForElementAndClick(MainPageObject.java:42)\n\tat lib.ui.SearchPageObject.clickCancelSearch(SearchPageObject.java:71)\n\tat Tests.SearchTests.testCancelSearch(SearchTests.java:34)\n\tat java.base/jdk.internal.reflect.NativeMethodAccessorImpl.invoke0(Native Method)\n\tat java.base/jdk.internal.reflect.NativeMethodAccessorImpl.invoke(NativeMethodAccessorImpl.java:77)\n\tat java.base/jdk.internal.reflect.DelegatingMethodAccessorImpl.invoke(DelegatingMethodAccessorImpl.java:43)\n\tat java.base/java.lang.reflect.Method.invoke(Method.java:568)\n\tat org.junit.runners.model.FrameworkMethod$1.runReflectiveCall(FrameworkMethod.java:50)\n\tat org.junit.internal.runners.model.ReflectiveCallable.run(ReflectiveCallable.java:12)\n\tat org.junit.runners.model.FrameworkMethod.invokeExplosively(FrameworkMethod.java:47)\n\tat org.junit.internal.runners.statements.InvokeMethod.evaluate(InvokeMethod.java:17)\n\tat org.junit.internal.runners.statements.RunBefores.evaluate(RunBefores.java:26)\n\tat org.junit.internal.runners.statements.RunAfters.evaluate(RunAfters.java:27)\n\tat org.junit.runners.ParentRunner.runLeaf(ParentRunner.java:325)\n\tat org.junit.runners.BlockJUnit4ClassRunner.runChild(BlockJUnit4ClassRunner.java:78)\n\tat org.junit.runners.BlockJUnit4ClassRunner.runChild(BlockJUnit4ClassRunner.java:57)\n\tat org.junit.runners.ParentRunner$3.run(ParentRunner.java:290)\n\tat org.junit.runners.ParentRunner$1.schedule(ParentRunner.java:71)\n\tat org.junit.runners.ParentRunner.runChildren(ParentRunner.java:288)\n\tat org.junit.runners.ParentRunner.access$000(ParentRunner.java:58)\n\tat org.junit.runners.ParentRunner$2.evaluate(ParentRunner.java:268)\n\tat org.junit.runners.ParentRunner.run(ParentRunner.java:363)\n\tat org.junit.runners.Suite.runChild(Suite.java:128)\n\tat org.junit.runners.Suite.runChild(Suite.java:27)\n\tat org.junit.runners.ParentRunner$3.run(ParentRunner.java:290)\n\tat org.junit.runners.ParentRunner$1.schedule(ParentRunner.java:71)\n\tat org.junit.runners.ParentRunner.runChildren(ParentRunner.java:288)\n\tat org.junit.runners.ParentRunner.access$000(ParentRunner.java:58)\n\tat org.junit.runners.ParentRunner$2.evaluate(ParentRunner.java:268)\n\tat org.junit.runners.ParentRunner.run(ParentRunner.java:363)\n\tat org.apache.maven.surefire.junit4.JUnit4Provider.execute(JUnit4Provider.java:365)\n\tat org.apache.maven.surefire.junit4.JUnit4Provider.executeWithRerun(JUnit4Provider.java:273)\n\tat org.apache.maven.surefire.junit4.JUnit4Provider.executeTestSet(JUnit4Provider.java:238)\n\tat org.apache.maven.surefire.junit4.JUnit4Provider.invoke(JUnit4Provider.java:159)\n\tat org.apache.maven.surefire.booter.ForkedBooter.invokeProviderInSameClassLoader(ForkedBooter.java:384)\n\tat org.apache.maven.surefire.booter.ForkedBooter.runSuitesInProcess(ForkedBooter.java:345)\n\tat org.apache.maven.surefire.booter.ForkedBooter.execute(ForkedBooter.java:126)\n\tat org.apache.maven.surefire.booter.ForkedBooter.main(ForkedBooter.java:418)\nCaused by: org.openqa.selenium.NoSuchElementException: Cannot locate an element using By.cssSelector: div>button.cancel\nFor documentation on this error, please visit: http://seleniumhq.org/exceptions/no_such_element.html\nBuild info: version: '3.12.0', revision: '7c6e0b3', time: '2018-05-08T14:04:26.12Z'\nSystem info: host: 'MacBook-Air-Anna-2.local', ip: 'fe80:0:0:0:1060:648b:6dc5:9f35%en0', os.name: 'Mac OS X', os.arch: 'x86_64', os.version: '11.5.1', java.version: '17'\nDriver info: driver.version: unknown\n\tat org.openqa.selenium.support.ui.ExpectedConditions.lambda$findElement$0(ExpectedConditions.java:896)\n\tat java.base/java.util.Optional.orElseThrow(Optional.java:403)\n\tat org.openqa.selenium.support.ui.ExpectedConditions.findElement(ExpectedConditions.java:895)\n\tat org.openqa.selenium.support.ui.ExpectedConditions.access$000(ExpectedConditions.java:44)\n\tat org.openqa.selenium.support.ui.ExpectedConditions$6.apply(ExpectedConditions.java:183)\n\tat org.openqa.selenium.support.ui.ExpectedConditions$6.apply(ExpectedConditions.java:180)\n\tat org.openqa.selenium.support.ui.FluentWait.until(FluentWait.java:248)\n\t... 39 more\n"},"stage":"finished","steps":[],"attachments":[],"parameters":[],"start":1634238471660,"stop":1634238476833},{"name":"Remove driver and session","status":"passed","stage":"finished","steps":[],"attachments":[],"parameters":[],"start":1634238476833,"stop":1634238476981}],"attachments":[],"parameters":[],"start":1634238465718,"stop":1634238476993,"uuid":"7b32abf9-b875-4506-baed-8c736195d979","historyId":"97ddc8848261a102305db217ab6ace9b","fullName":"Tests.SearchTests.testCancelSearch","labels":[{"name":"package","value":"Tests"},{"name":"testClass","value":"Tests.SearchTests"},{"name":"testMethod","value":"testCancelSearch"},{"name":"suite","value":"Tests.SearchTests"},{"name":"host","value":"MacBook-Air-Anna-2.local"},{"name":"thread","value":"57663@MacBook-Air-Anna-2.local.main(1)"},{"name":"framework","value":"junit4"},{"name":"language","value":"java"}],"links":[]}